2017-11-10 13:23:19,251 - SimpleLog4JLogSystem initialized using logfile 'velocity.log'
2017-11-10 13:23:19,252 - ************************************************************** 
2017-11-10 13:23:19,252 - Starting Jakarta Velocity v1.4
2017-11-10 13:23:19,252 - RuntimeInstance initializing.
2017-11-10 13:23:19,252 - Default Properties File: org\apache\velocity\runtime\defaults\velocity.properties
2017-11-10 13:23:19,252 - Trying to use logger class org.apache.velocity.runtime.log.SimpleLog4JLogSystem
2017-11-10 13:23:19,252 - Using logger class org.apache.velocity.runtime.log.SimpleLog4JLogSystem
2017-11-10 13:23:19,257 - Default ResourceManager initializing. (class org.apache.velocity.runtime.resource.ResourceManagerImpl)
2017-11-10 13:23:19,266 - Resource Loader Instantiated: org.apache.velocity.runtime.resource.loader.ClasspathResourceLoader
2017-11-10 13:23:19,266 - ClasspathResourceLoader : initialization starting.
2017-11-10 13:23:19,266 - ClasspathResourceLoader : initialization complete.
2017-11-10 13:23:19,269 - ResourceCache : initialized. (class org.apache.velocity.runtime.resource.ResourceCacheImpl)
2017-11-10 13:23:19,269 - Default ResourceManager initialization complete.
2017-11-10 13:23:19,274 - Loaded System Directive: org.apache.velocity.runtime.directive.Literal
2017-11-10 13:23:19,277 - Loaded System Directive: org.apache.velocity.runtime.directive.Macro
2017-11-10 13:23:19,283 - Loaded System Directive: org.apache.velocity.runtime.directive.Parse
2017-11-10 13:23:19,350 - Loaded System Directive: org.apache.velocity.runtime.directive.Include
2017-11-10 13:23:19,351 - Loaded System Directive: org.apache.velocity.runtime.directive.Foreach
2017-11-10 13:23:19,477 - Created: 20 parsers.
2017-11-10 13:23:19,486 - Velocimacro : initialization starting.
2017-11-10 13:23:19,486 - Velocimacro : adding VMs from VM library template : VM_global_library.vm
2017-11-10 13:23:19,498 - ResourceManager : unable to find resource 'VM_global_library.vm' in any resource loader.
2017-11-10 13:23:19,498 - Velocimacro : error using  VM library template VM_global_library.vm : org.apache.velocity.exception.ResourceNotFoundException: Unable to find resource 'VM_global_library.vm'
2017-11-10 13:23:19,498 - Velocimacro :  VM library template macro registration complete.
2017-11-10 13:23:19,498 - Velocimacro : allowInline = true : VMs can be defined inline in templates
2017-11-10 13:23:19,498 - Velocimacro : allowInlineToOverride = false : VMs defined inline may NOT replace previous VM definitions
2017-11-10 13:23:19,498 - Velocimacro : allowInlineLocal = false : VMs defined inline will be  global in scope if allowed.
2017-11-10 13:23:19,498 - Velocimacro : messages on  : VM system will output logging messages
2017-11-10 13:23:19,498 - Velocimacro : autoload off  : VM system will not automatically reload global library macros
2017-11-10 13:23:19,498 - Velocimacro : initialization complete.
2017-11-10 13:23:19,498 - Velocity successfully started.
2017-11-10 13:30:42,890 - ResourceManager : found repast/simphony/scenario/Scenario.vt with loader org.apache.velocity.runtime.resource.loader.ClasspathResourceLoader
2017-11-10 14:21:53,914 - SimpleLog4JLogSystem initialized using logfile 'velocity.log'
2017-11-10 14:21:53,957 - ************************************************************** 
2017-11-10 14:21:53,957 - Starting Jakarta Velocity v1.4
2017-11-10 14:21:53,957 - RuntimeInstance initializing.
2017-11-10 14:21:53,957 - Default Properties File: org\apache\velocity\runtime\defaults\velocity.properties
2017-11-10 14:21:53,957 - Trying to use logger class org.apache.velocity.runtime.log.SimpleLog4JLogSystem
2017-11-10 14:21:53,957 - Using logger class org.apache.velocity.runtime.log.SimpleLog4JLogSystem
2017-11-10 14:21:53,961 - Default ResourceManager initializing. (class org.apache.velocity.runtime.resource.ResourceManagerImpl)
2017-11-10 14:21:53,965 - Resource Loader Instantiated: org.apache.velocity.runtime.resource.loader.ClasspathResourceLoader
2017-11-10 14:21:53,966 - ClasspathResourceLoader : initialization starting.
2017-11-10 14:21:53,966 - ClasspathResourceLoader : initialization complete.
2017-11-10 14:21:53,969 - ResourceCache : initialized. (class org.apache.velocity.runtime.resource.ResourceCacheImpl)
2017-11-10 14:21:53,969 - Default ResourceManager initialization complete.
2017-11-10 14:21:53,973 - Loaded System Directive: org.apache.velocity.runtime.directive.Literal
2017-11-10 14:21:53,975 - Loaded System Directive: org.apache.velocity.runtime.directive.Macro
2017-11-10 14:21:53,978 - Loaded System Directive: org.apache.velocity.runtime.directive.Parse
2017-11-10 14:21:53,980 - Loaded System Directive: org.apache.velocity.runtime.directive.Include
2017-11-10 14:21:53,981 - Loaded System Directive: org.apache.velocity.runtime.directive.Foreach
2017-11-10 14:21:54,011 - Created: 20 parsers.
2017-11-10 14:21:54,024 - Velocimacro : initialization starting.
2017-11-10 14:21:54,024 - Velocimacro : adding VMs from VM library template : VM_global_library.vm
2017-11-10 14:21:54,044 - ResourceManager : unable to find resource 'VM_global_library.vm' in any resource loader.
2017-11-10 14:21:54,044 - Velocimacro : error using  VM library template VM_global_library.vm : org.apache.velocity.exception.ResourceNotFoundException: Unable to find resource 'VM_global_library.vm'
2017-11-10 14:21:54,044 - Velocimacro :  VM library template macro registration complete.
2017-11-10 14:21:54,044 - Velocimacro : allowInline = true : VMs can be defined inline in templates
2017-11-10 14:21:54,044 - Velocimacro : allowInlineToOverride = false : VMs defined inline may NOT replace previous VM definitions
2017-11-10 14:21:54,044 - Velocimacro : allowInlineLocal = false : VMs defined inline will be  global in scope if allowed.
2017-11-10 14:21:54,044 - Velocimacro : messages on  : VM system will output logging messages
2017-11-10 14:21:54,044 - Velocimacro : autoload off  : VM system will not automatically reload global library macros
2017-11-10 14:21:54,044 - Velocimacro : initialization complete.
2017-11-10 14:21:54,044 - Velocity successfully started.
2017-11-10 14:25:15,766 - SimpleLog4JLogSystem initialized using logfile 'velocity.log'
2017-11-10 14:25:15,776 - ************************************************************** 
2017-11-10 14:25:15,776 - Starting Jakarta Velocity v1.4
2017-11-10 14:25:15,776 - RuntimeInstance initializing.
2017-11-10 14:25:15,776 - Default Properties File: org\apache\velocity\runtime\defaults\velocity.properties
2017-11-10 14:25:15,776 - Trying to use logger class org.apache.velocity.runtime.log.SimpleLog4JLogSystem
2017-11-10 14:25:15,776 - Using logger class org.apache.velocity.runtime.log.SimpleLog4JLogSystem
2017-11-10 14:25:15,779 - Default ResourceManager initializing. (class org.apache.velocity.runtime.resource.ResourceManagerImpl)
2017-11-10 14:25:15,781 - Resource Loader Instantiated: org.apache.velocity.runtime.resource.loader.ClasspathResourceLoader
2017-11-10 14:25:15,781 - ClasspathResourceLoader : initialization starting.
2017-11-10 14:25:15,781 - ClasspathResourceLoader : initialization complete.
2017-11-10 14:25:15,782 - ResourceCache : initialized. (class org.apache.velocity.runtime.resource.ResourceCacheImpl)
2017-11-10 14:25:15,783 - Default ResourceManager initialization complete.
2017-11-10 14:25:15,785 - Loaded System Directive: org.apache.velocity.runtime.directive.Literal
2017-11-10 14:25:15,787 - Loaded System Directive: org.apache.velocity.runtime.directive.Macro
2017-11-10 14:25:15,789 - Loaded System Directive: org.apache.velocity.runtime.directive.Parse
2017-11-10 14:25:15,791 - Loaded System Directive: org.apache.velocity.runtime.directive.Include
2017-11-10 14:25:15,792 - Loaded System Directive: org.apache.velocity.runtime.directive.Foreach
2017-11-10 14:25:15,818 - Created: 20 parsers.
2017-11-10 14:25:15,823 - Velocimacro : initialization starting.
2017-11-10 14:25:15,823 - Velocimacro : adding VMs from VM library template : VM_global_library.vm
2017-11-10 14:25:15,835 - ResourceManager : unable to find resource 'VM_global_library.vm' in any resource loader.
2017-11-10 14:25:15,835 - Velocimacro : error using  VM library template VM_global_library.vm : org.apache.velocity.exception.ResourceNotFoundException: Unable to find resource 'VM_global_library.vm'
2017-11-10 14:25:15,835 - Velocimacro :  VM library template macro registration complete.
2017-11-10 14:25:15,836 - Velocimacro : allowInline = true : VMs can be defined inline in templates
2017-11-10 14:25:15,836 - Velocimacro : allowInlineToOverride = false : VMs defined inline may NOT replace previous VM definitions
2017-11-10 14:25:15,836 - Velocimacro : allowInlineLocal = false : VMs defined inline will be  global in scope if allowed.
2017-11-10 14:25:15,836 - Velocimacro : messages on  : VM system will output logging messages
2017-11-10 14:25:15,836 - Velocimacro : autoload off  : VM system will not automatically reload global library macros
2017-11-10 14:25:15,836 - Velocimacro : initialization complete.
2017-11-10 14:25:15,836 - Velocity successfully started.
